0 info it worked if it ends with ok
1 verbose cli [ '/home/denimar/.nvm/versions/node/v6.11.4/bin/node',
1 verbose cli   '/home/denimar/.nvm/versions/node/v6.11.4/bin/npm',
1 verbose cli   'version',
1 verbose cli   'patch' ]
2 info using npm@3.10.10
3 info using node@v6.11.4
4 info git [ 'status', '--porcelain' ]
5 verbose stack Error: Git working directory not clean.
5 verbose stack M package.json
5 verbose stack     at /home/denimar/.nvm/versions/node/v6.11.4/lib/node_modules/npm/lib/version.js:247:19
5 verbose stack     at /home/denimar/.nvm/versions/node/v6.11.4/lib/node_modules/npm/lib/utils/no-progress-while-running.js:21:8
5 verbose stack     at ChildProcess.exithandler (child_process.js:189:7)
5 verbose stack     at emitTwo (events.js:106:13)
5 verbose stack     at ChildProcess.emit (events.js:191:7)
5 verbose stack     at maybeClose (internal/child_process.js:920:16)
5 verbose stack     at Socket.<anonymous> (internal/child_process.js:351:11)
5 verbose stack     at emitOne (events.js:96:13)
5 verbose stack     at Socket.emit (events.js:188:7)
5 verbose stack     at Pipe._handle.close [as _onclose] (net.js:497:12)
6 verbose cwd /home/denimar/projects/deni-react-popover-selector
7 error Linux 4.13.0-36-generic
8 error argv "/home/denimar/.nvm/versions/node/v6.11.4/bin/node" "/home/denimar/.nvm/versions/node/v6.11.4/bin/npm" "version" "patch"
9 error node v6.11.4
10 error npm  v3.10.10
11 error Git working directory not clean.
11 error M package.json
12 error If you need help, you may report this error at:
12 error     <https://github.com/npm/npm/issues>
13 verbose exit [ 1, true ]
